<?xml version="1.0" encoding="UTF-8"?>
<!-- Generated by org.testng.reporters.JUnitReportReporter -->
<testsuite skipped="0" hostname="WKWIN5154091" name="com.zoopla.qa.test.PropertyDetailPageTest" tests="3" failures="0" timestamp="21 Sep 2019 07:10:57 GMT" time="116.491" errors="0">
  <testcase name="isAgentLogoDisplayed" time="35.570" classname="com.zoopla.qa.test.PropertyDetailPageTest"/>
  <testcase name="isAgentNameDisplayed" time="41.638" classname="com.zoopla.qa.test.PropertyDetailPageTest"/>
  <testcase name="isAgentPhoneNoDisplayed" time="39.283" classname="com.zoopla.qa.test.PropertyDetailPageTest"/>
</testsuite> <!-- com.zoopla.qa.test.PropertyDetailPageTest -->
