<?xml version="1.0" encoding="UTF-8"?>
<!-- Generated by org.testng.reporters.JUnitReportReporter -->
<testsuite skipped="0" hostname="WKWIN5154091" name="com.zoopla.qa.test.PropertySearchResultPageTest" tests="2" failures="0" timestamp="18 Jan 2020 14:18:31 GMT" time="63.211" errors="0">
  <testcase name="getPropertyPriceListDescendingOrderTest" time="26.171" classname="com.zoopla.qa.test.PropertySearchResultPageTest"/>
  <testcase name="selectFifthPropertyTest" time="37.040" classname="com.zoopla.qa.test.PropertySearchResultPageTest"/>
</testsuite> <!-- com.zoopla.qa.test.PropertySearchResultPageTest -->
