<?xml version="1.0" encoding="UTF-8"?>
<!-- Generated by org.testng.reporters.JUnitReportReporter -->
<testsuite skipped="0" hostname="WKWIN5154091" name="com.zoopla.qa.test.PropertyDetailPageTest" tests="3" failures="0" timestamp="18 Jan 2020 14:18:31 GMT" time="75.218" errors="0">
  <testcase name="isAgentLogoDisplayed" time="24.508" classname="com.zoopla.qa.test.PropertyDetailPageTest"/>
  <testcase name="isAgentNameDisplayed" time="25.498" classname="com.zoopla.qa.test.PropertyDetailPageTest"/>
  <testcase name="isAgentPhoneNoDisplayed" time="25.212" classname="com.zoopla.qa.test.PropertyDetailPageTest"/>
</testsuite> <!-- com.zoopla.qa.test.PropertyDetailPageTest -->
