<?xml version="1.0" encoding="UTF-8"?>
<!-- Generated by org.testng.reporters.JUnitReportReporter -->
<testsuite skipped="0" hostname="WKWIN5154091" name="com.zoopla.qa.test.AgentPageTest" tests="2" failures="0" timestamp="21 Sep 2019 07:10:57 GMT" time="102.342" errors="0">
  <testcase name="validateAgentNameIsCorrect" time="48.169" classname="com.zoopla.qa.test.AgentPageTest"/>
  <testcase name="validateAgentPhoneNoIsCorrect" time="54.173" classname="com.zoopla.qa.test.AgentPageTest"/>
</testsuite> <!-- com.zoopla.qa.test.AgentPageTest -->
