<?xml version="1.0" encoding="UTF-8"?>
<!-- Generated by org.testng.reporters.JUnitReportReporter -->
<testsuite skipped="0" hostname="WKWIN5154091" name="com.zoopla.qa.test.AgentPageTest" tests="2" failures="0" timestamp="18 Jan 2020 14:18:31 GMT" time="68.282" errors="0">
  <testcase name="validateAgentNameIsCorrect" time="36.354" classname="com.zoopla.qa.test.AgentPageTest"/>
  <testcase name="validateAgentPhoneNoIsCorrect" time="31.928" classname="com.zoopla.qa.test.AgentPageTest"/>
</testsuite> <!-- com.zoopla.qa.test.AgentPageTest -->
