<?xml version="1.0" encoding="UTF-8"?>
<!-- Generated by org.testng.reporters.JUnitReportReporter -->
<testsuite skipped="0" hostname="WKWIN5154091" name="com.zoopla.qa.test.PropertySearchResultPageTest" tests="2" failures="0" timestamp="21 Sep 2019 07:10:57 GMT" time="71.120" errors="0">
  <testcase name="getPropertyPriceListDescendingOrderTest" time="35.463" classname="com.zoopla.qa.test.PropertySearchResultPageTest"/>
  <testcase name="selectFifthPropertyTest" time="35.657" classname="com.zoopla.qa.test.PropertySearchResultPageTest"/>
</testsuite> <!-- com.zoopla.qa.test.PropertySearchResultPageTest -->
